C51 COMPILER V6.12  JIAOHUA                                                                10/11/2017 14:25:55 PAGE 1   


C51 COMPILER V6.12, COMPILATION OF MODULE JIAOHUA
OBJECT MODULE PLACED IN .\jiaohua.OBJ
COMPILER INVOKED BY: C:\Keil\C51\BIN\C51.EXE .\jiaohua.c DEBUG OBJECTEXTEND

stmt level    source

   1          #include<reg51.h>
   2          #include<intrins.H>
   3          #define uchar unsigned char
   4          #define uint unsigned int 
   5          
   6          
   7          
   8          void delayNs(n)
   9          {
  10   1      int i;
  11   1      for(i = 0;i < 100; i++);
  12   1      }
  13          
  14          void delayDay(minus)
  15          {
  16   1      long n;
  17   1      n = 86400 - minus;
  18   1      delayNs(n);
  19   1      }
  20          
  21          // water program
  22          int water1(i)
  23          {
  24   1      int minus = 60;
  25   1      P3 = 0x00;
  26   1      delayNs(minus);
  27   1      P3 = 0xff;
  28   1      return minus;
  29   1      }
  30          
  31          int water2(i)
  32          {
  33   1      int minus = 0;
  34   1      if (i % 2 != 0)
  35   1      return 0;
  36   1      else
  37   1      {
  38   2      minus = 60;
  39   2      P3 = 0x01;
  40   2      delayNs(minus);
  41   2      P3 = 0xff;
  42   2      return minus;
  43   2      }
  44   1      }
  45          
  46          int water3(i)
  47          {
  48   1      int minus = 0;
  49   1      if (i % 3 != 0)
  50   1      return 0;
  51   1      else
  52   1      {
  53   2      minus = 60;
  54   2      P3 = 0x02;
  55   2      delayNs(minus);
C51 COMPILER V6.12  JIAOHUA                                                                10/11/2017 14:25:55 PAGE 2   

  56   2      P3 = 0xff;
  57   2      return minus;
  58   2      }
  59   1      }
  60          
  61          int water7(i)
  62          {
  63   1      int minus = 0;
  64   1      if (i % 7 != 0)
  65   1      return 0;
  66   1      else
  67   1      {
  68   2      minus = 60;
  69   2      P3 = 0x03;
  70   2      delayNs(minus);
  71   2      P3 = 0xff;
  72   2      return minus;
  73   2      }
  74   1      }
  75          
  76          int water15(i)
  77          {
  78   1      int minus;
  79   1      if (i % 15 != 0)
  80   1      return 0;
  81   1      else
  82   1      {
  83   2      minus = 60;
  84   2      P3 = 0x04;
  85   2      delayNs(minus);
  86   2      P3 = 0xff;
  87   2      return minus;
  88   2      }
  89   1      }
  90          
  91          int water30(i)
  92          {
  93   1      int minus = 0;
  94   1      if (i % 30 != 0)
  95   1      return 0;
  96   1      else
  97   1      {
  98   2      minus = 60;
  99   2      P3 = 0x05;
 100   2      delayNs(minus);
 101   2      P3 = 0xff;
 102   2      return minus;
 103   2      }
 104   1      }
 105          ////////////////////////////////////////main
 106          void main()// minus is the seconds  which is used to water the flower last day
 107          {
 108   1      uchar i=1;
 109   1      uint minus = 0;
 110   1      P3=0xff;
 111   1      
 112   1      while(1)
 113   1      {
 114   2      delayDay(minus);
 115   2      minus = 0;
 116   2      minus += water1(i);
 117   2      minus += water2(i);
C51 COMPILER V6.12  JIAOHUA                                                                10/11/2017 14:25:55 PAGE 3   

 118   2      minus += water3(i);
 119   2      minus += water7(i);
 120   2      minus += water15(i);
 121   2      minus += water30(i);
 122   2      i++;
 123   2      if(i == 211)
 124   2      i = 0;
 125   2      }
 126   1      }


MODULE INFORMATION:   STATIC OVERLAYABLE
   CODE SIZE        =    415    ----
   CONSTANT SIZE    =   ----    ----
   XDATA SIZE       =   ----    ----
   PDATA SIZE       =   ----    ----
   DATA SIZE        =   ----      11
   IDATA SIZE       =   ----    ----
   BIT SIZE         =   ----    ----
END OF MODULE INFORMATION.


C51 COMPILATION COMPLETE.  0 WARNING(S),  0 ERROR(S)
